2017-12-03 22:31:27 =CRASH REPORT====
  crasher:
    initial call: supervisor:net_server_sup/1
    pid: <0.170.0>
    registered_name: []
    exception error: {{badmatch,undefined},[{net_server_sup,get_base_params,3,[{file,"net_server/net_server_sup.erl"},{line,67}]},{net_server_sup,map_fun,1,[{file,"net_server/net_server_sup.erl"},{line,51}]},{net_server_sup,'-init/1-lc$^0/1-0-',1,[{file,"net_server/net_server_sup.erl"},{line,42}]},{net_server_sup,'-init/1-lc$^0/1-0-',1,[{file,"net_server/net_server_sup.erl"},{line,42}]},{net_server_sup,init,1,[{file,"net_server/net_server_sup.erl"},{line,42}]},{supervisor,init,1,[{file,"supervisor.erl"},{line,294}]},{gen_server,init_it,2,[{file,"gen_server.erl"},{line,365}]},{gen_server,init_it,6,[{file,"gen_server.erl"},{line,333}]}]}
    ancestors: [egame_sup,<0.152.0>]
    message_queue_len: 0
    messages: []
    links: [<0.153.0>]
    dictionary: []
    trap_exit: true
    status: running
    heap_size: 987
    stack_size: 27
    reductions: 515
  neighbours:
2017-12-03 22:31:27 =SUPERVISOR REPORT====
     Supervisor: {local,egame_sup}
     Context:    start_error
     Reason:     {{badmatch,undefined},[{net_server_sup,get_base_params,3,[{file,"net_server/net_server_sup.erl"},{line,67}]},{net_server_sup,map_fun,1,[{file,"net_server/net_server_sup.erl"},{line,51}]},{net_server_sup,'-init/1-lc$^0/1-0-',1,[{file,"net_server/net_server_sup.erl"},{line,42}]},{net_server_sup,'-init/1-lc$^0/1-0-',1,[{file,"net_server/net_server_sup.erl"},{line,42}]},{net_server_sup,init,1,[{file,"net_server/net_server_sup.erl"},{line,42}]},{supervisor,init,1,[{file,"supervisor.erl"},{line,294}]},{gen_server,init_it,2,[{file,"gen_server.erl"},{line,365}]},{gen_server,init_it,6,[{file,"gen_server.erl"},{line,333}]}]}
     Offender:   [{pid,undefined},{id,net_server_sup},{mfargs,{net_server_sup,start_link,[]}},{restart_type,permanent},{shutdown,2000},{child_type,supervisor}]

2017-12-03 22:31:27 =CRASH REPORT====
  crasher:
    initial call: application_master:init/4
    pid: <0.151.0>
    registered_name: []
    exception exit: {{{shutdown,{failed_to_start_child,net_server_sup,{{badmatch,undefined},[{net_server_sup,get_base_params,3,[{file,"net_server/net_server_sup.erl"},{line,67}]},{net_server_sup,map_fun,1,[{file,"net_server/net_server_sup.erl"},{line,51}]},{net_server_sup,'-init/1-lc$^0/1-0-',1,[{file,"net_server/net_server_sup.erl"},{line,42}]},{net_server_sup,'-init/1-lc$^0/1-0-',1,[{file,"net_server/net_server_sup.erl"},{line,42}]},{net_server_sup,init,1,[{file,"net_server/net_server_sup.erl"},{line,42}]},{supervisor,init,1,[{file,"supervisor.erl"},{line,294}]},{gen_server,init_it,2,[{file,"gen_server.erl"},{line,365}]},{gen_server,init_it,6,[{file,"gen_server.erl"},{line,333}]}]}}},{egame_app,start,[normal,[]]}},[{application_master,init,4,[{file,"application_master.erl"},{line,134}]},{proc_lib,init_p_do_apply,3,[{file,"proc_lib.erl"},{line,247}]}]}
    ancestors: [<0.150.0>]
    message_queue_len: 1
    messages: [{'EXIT',<0.152.0>,normal}]
    links: [<0.150.0>,<0.33.0>]
    dictionary: []
    trap_exit: true
    status: running
    heap_size: 987
    stack_size: 27
    reductions: 162
  neighbours:
2017-12-03 22:32:21 =CRASH REPORT====
  crasher:
    initial call: supervisor:net_server_sup/1
    pid: <0.170.0>
    registered_name: []
    exception error: {{badmatch,undefined},[{net_server_sup,get_base_params,3,[{file,"net_server/net_server_sup.erl"},{line,67}]},{net_server_sup,map_fun,1,[{file,"net_server/net_server_sup.erl"},{line,51}]},{net_server_sup,'-init/1-lc$^0/1-0-',1,[{file,"net_server/net_server_sup.erl"},{line,42}]},{net_server_sup,'-init/1-lc$^0/1-0-',1,[{file,"net_server/net_server_sup.erl"},{line,42}]},{net_server_sup,init,1,[{file,"net_server/net_server_sup.erl"},{line,42}]},{supervisor,init,1,[{file,"supervisor.erl"},{line,294}]},{gen_server,init_it,2,[{file,"gen_server.erl"},{line,365}]},{gen_server,init_it,6,[{file,"gen_server.erl"},{line,333}]}]}
    ancestors: [egame_sup,<0.152.0>]
    message_queue_len: 0
    messages: []
    links: [<0.153.0>]
    dictionary: []
    trap_exit: true
    status: running
    heap_size: 987
    stack_size: 27
    reductions: 515
  neighbours:
2017-12-03 22:32:21 =SUPERVISOR REPORT====
     Supervisor: {local,egame_sup}
     Context:    start_error
     Reason:     {{badmatch,undefined},[{net_server_sup,get_base_params,3,[{file,"net_server/net_server_sup.erl"},{line,67}]},{net_server_sup,map_fun,1,[{file,"net_server/net_server_sup.erl"},{line,51}]},{net_server_sup,'-init/1-lc$^0/1-0-',1,[{file,"net_server/net_server_sup.erl"},{line,42}]},{net_server_sup,'-init/1-lc$^0/1-0-',1,[{file,"net_server/net_server_sup.erl"},{line,42}]},{net_server_sup,init,1,[{file,"net_server/net_server_sup.erl"},{line,42}]},{supervisor,init,1,[{file,"supervisor.erl"},{line,294}]},{gen_server,init_it,2,[{file,"gen_server.erl"},{line,365}]},{gen_server,init_it,6,[{file,"gen_server.erl"},{line,333}]}]}
     Offender:   [{pid,undefined},{id,net_server_sup},{mfargs,{net_server_sup,start_link,[]}},{restart_type,permanent},{shutdown,2000},{child_type,supervisor}]

2017-12-03 22:32:21 =CRASH REPORT====
  crasher:
    initial call: application_master:init/4
    pid: <0.151.0>
    registered_name: []
    exception exit: {{{shutdown,{failed_to_start_child,net_server_sup,{{badmatch,undefined},[{net_server_sup,get_base_params,3,[{file,"net_server/net_server_sup.erl"},{line,67}]},{net_server_sup,map_fun,1,[{file,"net_server/net_server_sup.erl"},{line,51}]},{net_server_sup,'-init/1-lc$^0/1-0-',1,[{file,"net_server/net_server_sup.erl"},{line,42}]},{net_server_sup,'-init/1-lc$^0/1-0-',1,[{file,"net_server/net_server_sup.erl"},{line,42}]},{net_server_sup,init,1,[{file,"net_server/net_server_sup.erl"},{line,42}]},{supervisor,init,1,[{file,"supervisor.erl"},{line,294}]},{gen_server,init_it,2,[{file,"gen_server.erl"},{line,365}]},{gen_server,init_it,6,[{file,"gen_server.erl"},{line,333}]}]}}},{egame_app,start,[normal,[]]}},[{application_master,init,4,[{file,"application_master.erl"},{line,134}]},{proc_lib,init_p_do_apply,3,[{file,"proc_lib.erl"},{line,247}]}]}
    ancestors: [<0.150.0>]
    message_queue_len: 1
    messages: [{'EXIT',<0.152.0>,normal}]
    links: [<0.150.0>,<0.33.0>]
    dictionary: []
    trap_exit: true
    status: running
    heap_size: 987
    stack_size: 27
    reductions: 162
  neighbours:
2017-12-03 22:33:31 =CRASH REPORT====
  crasher:
    initial call: supervisor:net_server_sup/1
    pid: <0.170.0>
    registered_name: []
    exception error: {{badmatch,{undefined,rtnotify_port}},[{net_server_sup,get_base_params,3,[{file,"net_server/net_server_sup.erl"},{line,67}]},{net_server_sup,map_fun,1,[{file,"net_server/net_server_sup.erl"},{line,51}]},{net_server_sup,'-init/1-lc$^0/1-0-',1,[{file,"net_server/net_server_sup.erl"},{line,42}]},{net_server_sup,'-init/1-lc$^0/1-0-',1,[{file,"net_server/net_server_sup.erl"},{line,42}]},{net_server_sup,init,1,[{file,"net_server/net_server_sup.erl"},{line,42}]},{supervisor,init,1,[{file,"supervisor.erl"},{line,294}]},{gen_server,init_it,2,[{file,"gen_server.erl"},{line,365}]},{gen_server,init_it,6,[{file,"gen_server.erl"},{line,333}]}]}
    ancestors: [egame_sup,<0.152.0>]
    message_queue_len: 0
    messages: []
    links: [<0.153.0>]
    dictionary: []
    trap_exit: true
    status: running
    heap_size: 987
    stack_size: 27
    reductions: 522
  neighbours:
2017-12-03 22:33:31 =SUPERVISOR REPORT====
     Supervisor: {local,egame_sup}
     Context:    start_error
     Reason:     {{badmatch,{undefined,rtnotify_port}},[{net_server_sup,get_base_params,3,[{file,"net_server/net_server_sup.erl"},{line,67}]},{net_server_sup,map_fun,1,[{file,"net_server/net_server_sup.erl"},{line,51}]},{net_server_sup,'-init/1-lc$^0/1-0-',1,[{file,"net_server/net_server_sup.erl"},{line,42}]},{net_server_sup,'-init/1-lc$^0/1-0-',1,[{file,"net_server/net_server_sup.erl"},{line,42}]},{net_server_sup,init,1,[{file,"net_server/net_server_sup.erl"},{line,42}]},{supervisor,init,1,[{file,"supervisor.erl"},{line,294}]},{gen_server,init_it,2,[{file,"gen_server.erl"},{line,365}]},{gen_server,init_it,6,[{file,"gen_server.erl"},{line,333}]}]}
     Offender:   [{pid,undefined},{id,net_server_sup},{mfargs,{net_server_sup,start_link,[]}},{restart_type,permanent},{shutdown,2000},{child_type,supervisor}]

2017-12-03 22:33:31 =CRASH REPORT====
  crasher:
    initial call: application_master:init/4
    pid: <0.151.0>
    registered_name: []
    exception exit: {{{shutdown,{failed_to_start_child,net_server_sup,{{badmatch,{undefined,rtnotify_port}},[{net_server_sup,get_base_params,3,[{file,"net_server/net_server_sup.erl"},{line,67}]},{net_server_sup,map_fun,1,[{file,"net_server/net_server_sup.erl"},{line,51}]},{net_server_sup,'-init/1-lc$^0/1-0-',1,[{file,"net_server/net_server_sup.erl"},{line,42}]},{net_server_sup,'-init/1-lc$^0/1-0-',1,[{file,"net_server/net_server_sup.erl"},{line,42}]},{net_server_sup,init,1,[{file,"net_server/net_server_sup.erl"},{line,42}]},{supervisor,init,1,[{file,"supervisor.erl"},{line,294}]},{gen_server,init_it,2,[{file,"gen_server.erl"},{line,365}]},{gen_server,init_it,6,[{file,"gen_server.erl"},{line,333}]}]}}},{egame_app,start,[normal,[]]}},[{application_master,init,4,[{file,"application_master.erl"},{line,134}]},{proc_lib,init_p_do_apply,3,[{file,"proc_lib.erl"},{line,247}]}]}
    ancestors: [<0.150.0>]
    message_queue_len: 1
    messages: [{'EXIT',<0.152.0>,normal}]
    links: [<0.150.0>,<0.33.0>]
    dictionary: []
    trap_exit: true
    status: running
    heap_size: 987
    stack_size: 27
    reductions: 162
  neighbours:
